[03:10:16] [main/INFO] (FabricLoader/GameProvider) Loading Minecraft 1.20.4 with Fabric Loader 0.15.9
[03:10:17] [main/INFO] (FabricLoader) Loading 44 mods:
	- creativemenutweaks 1.0.0
	- fabric-api 0.96.11+1.20.4
	- fabric-api-base 0.4.36+78d798af4f
	- fabric-api-lookup-api-v1 1.6.49+82b1bb3e4f
	- fabric-biome-api-v1 13.0.16+78d798af4f
	- fabric-block-api-v1 1.0.16+3e2216cb4f
	- fabric-block-view-api-v2 1.0.4+78d798af4f
	- fabric-command-api-v1 1.2.41+f71b366f4f
	- fabric-command-api-v2 2.2.20+78d798af4f
	- fabric-commands-v0 0.2.58+df3654b34f
	- fabric-containers-v0 0.1.86+df3654b34f
	- fabric-content-registries-v0 5.0.15+78d798af4f
	- fabric-convention-tags-v1 1.5.10+78d798af4f
	- fabric-crash-report-info-v1 0.2.23+78d798af4f
	- fabric-data-attachment-api-v1 1.1.4+b90db5744f
	- fabric-data-generation-api-v1 13.2.4+5c0133444f
	- fabric-dimensions-v1 2.1.61+78d798af4f
	- fabric-entity-events-v1 1.6.1+09fc25014f
	- fabric-events-interaction-v0 0.7.1+389931eb4f
	- fabric-events-lifecycle-v0 0.2.74+df3654b34f
	- fabric-game-rule-api-v1 1.0.46+78d798af4f
	- fabric-gametest-api-v1 1.3.5+85d85a934f
	- fabric-item-api-v1 2.2.0+d6f2b0844f
	- fabric-item-group-api-v1 4.0.26+58f8c0124f
	- fabric-lifecycle-events-v1 2.3.0+a67ffb5d4f
	- fabric-loot-api-v2 2.1.9+78d798af4f
	- fabric-message-api-v1 6.0.5+78d798af4f
	- fabric-mining-level-api-v1 2.1.65+78d798af4f
	- fabric-networking-api-v1 3.1.7+2e5ac5484f
	- fabric-object-builder-api-v1 13.0.14+080016e44f
	- fabric-particles-v1 1.1.7+78d798af4f
	- fabric-recipe-api-v1 2.0.20+78d798af4f
	- fabric-registry-sync-v0 4.0.19+58f8c0124f
	- fabric-rendering-data-attachment-v1 0.3.42+73761d2e4f
	- fabric-rendering-fluids-v1 3.1.1+e761c6694f
	- fabric-resource-conditions-api-v1 2.3.14+78d798af4f
	- fabric-resource-loader-v0 0.11.20+df798a894f
	- fabric-screen-handler-api-v1 1.3.55+78d798af4f
	- fabric-transfer-api-v1 4.0.11+eb30349a4f
	- fabric-transitive-access-wideners-v1 5.0.14+78d798af4f
	- fabricloader 0.15.9
	- java 17
	- minecraft 1.20.4
	- mixinextras 0.3.5
[03:10:17] [main/INFO] (FabricLoader/Mixin) SpongePowered MIXIN Subsystem Version=0.8.5 Source=file:/C:/Users/megaw/.gradle/caches/modules-2/files-2.1/net.fabricmc/sponge-mixin/0.12.5+mixin.0.8.5/8d31fb97c3e0cd7c8dad3441851c523bcfae6d8e/sponge-mixin-0.12.5+mixin.0.8.5.jar Service=Knot/Fabric Env=SERVER
[03:10:18] [main/INFO] (FabricLoader/Mixin) Loaded Fabric development mappings for mixin remapper!
[03:10:18] [main/INFO] (FabricLoader/Mixin) Compatibility level set to JAVA_17
[03:10:19] [main/INFO] (FabricLoader/MixinExtras|Service) Initializing MixinExtras via com.llamalad7.mixinextras.service.MixinExtrasServiceImpl(version=0.3.5).
[03:10:32] [main/INFO] (fabric-networking-api-v1) Force Packet Serialization is enabled to mimic remote connection on single player, this is the default behaviour on dev env. Add -Dfabric-api.networking.force-packet-serialization=false JVM arg to disable it.
[03:10:33] [main/INFO] (Minecraft) Environment: Environment[sessionHost=https://sessionserver.mojang.com, servicesHost=https://api.minecraftservices.com, name=PROD]
[03:10:34] [main/WARN] (Minecraft) Missing data pack file/magnets
[03:10:34] [main/INFO] (Minecraft) Found new data pack fabric-convention-tags-v1, loading it automatically
[03:10:34] [main/INFO] (Minecraft) Found new data pack fabric-gametest-api-v1, loading it automatically
[03:10:36] [main/INFO] (Minecraft) Loaded 7 recipes
[03:10:37] [main/INFO] (Minecraft) Loaded 1271 advancements
[03:10:38] [main/INFO] (BiomeModificationImpl) Applied 0 biome modifications to 0 of 64 new biomes in 7.306 ms
[03:10:38] [Server thread/INFO] (Minecraft) Starting minecraft server version 1.20.4
[03:10:38] [Server thread/INFO] (Minecraft) Loading properties
[03:10:38] [Server thread/INFO] (Minecraft) Default game type: SURVIVAL
[03:10:38] [Server thread/INFO] (Minecraft) Generating keypair
[03:10:38] [Server thread/INFO] (Minecraft) Starting Minecraft server on *:25565
[03:10:39] [Server thread/INFO] (Minecraft) Using default channel type
[03:10:39] [Server thread/WARN] (Minecraft) **** SERVER IS RUNNING IN OFFLINE/INSECURE MODE!
[03:10:39] [Server thread/WARN] (Minecraft) The server will make no attempt to authenticate usernames. Beware.
[03:10:39] [Server thread/WARN] (Minecraft) While this makes the game possible to play without internet access, it also opens up the ability for hackers to connect with any username they choose.
[03:10:39] [Server thread/WARN] (Minecraft) To change this, set "online-mode" to "true" in the server.properties file.
[03:10:39] [Server thread/INFO] (Minecraft) Preparing level "world"
[03:10:41] [Server thread/INFO] (Minecraft) Preparing start region for dimension minecraft:overworld
[03:10:44] [Worker-Main-11/INFO] (Minecraft) Preparing spawn area: 0%
[03:10:44] [Worker-Main-11/INFO] (Minecraft) Preparing spawn area: 0%
[03:10:44] [Worker-Main-11/INFO] (Minecraft) Preparing spawn area: 0%
[03:10:44] [Worker-Main-11/INFO] (Minecraft) Preparing spawn area: 0%
[03:10:44] [Worker-Main-1/INFO] (Minecraft) Preparing spawn area: 0%
[03:10:44] [Worker-Main-11/INFO] (Minecraft) Preparing spawn area: 0%
[03:10:44] [Worker-Main-10/INFO] (Minecraft) Preparing spawn area: 0%
[03:10:45] [Worker-Main-11/INFO] (Minecraft) Preparing spawn area: 0%
[03:10:45] [Worker-Main-7/INFO] (Minecraft) Preparing spawn area: 0%
[03:10:45] [Worker-Main-7/INFO] (Minecraft) Preparing spawn area: 3%
[03:10:46] [Worker-Main-7/INFO] (Minecraft) Preparing spawn area: 61%
[03:10:46] [Server thread/INFO] (Minecraft) Time elapsed: 5474 ms
[03:10:46] [Server thread/INFO] (Minecraft) Done (7.152s)! For help, type "help"
[03:10:56] [Server thread/INFO] (Minecraft) Player37[/127.0.0.1:58006] logged in with entity id 202 at (-5.5, 84.0, -6.5)
[03:10:57] [Server thread/INFO] (Minecraft) Player37 joined the game
[03:11:00] [Server thread/INFO] (Minecraft) Made Player37 a server operator
[03:11:03] [Server thread/INFO] (Minecraft) [Player37: Set own game mode to Creative Mode]
[03:12:02] [Server thread/INFO] (Minecraft) [Player37: Reloading!]
[03:12:02] [Server thread/INFO] (Minecraft) Loaded 7 recipes
[03:12:03] [Server thread/INFO] (Minecraft) Loaded 1271 advancements
[03:13:16] [Server thread/INFO] (Minecraft) Player37 lost connection: Disconnected
[03:13:16] [Server thread/INFO] (Minecraft) Player37 left the game
[03:13:17] [Server thread/INFO] (Minecraft) Player37[/127.0.0.1:58034] logged in with entity id 507 at (10.825733021049556, 80.0, -26.22204204994853)
[03:13:17] [Server thread/INFO] (Minecraft) Player37 joined the game
[03:16:41] [Server thread/INFO] (Minecraft) Player37 lost connection: Disconnected
[03:16:41] [Server thread/INFO] (Minecraft) Player37 left the game
